<?xml version="1.0" encoding="UTF-8"?>
<!-- Generated by org.testng.reporters.JUnitXMLReporter -->
<testsuite ignored="0" hostname="DESKTOP-VMRGOFD" failures="2" tests="6" name="Test" time="10.478" errors="0" timestamp="2021-08-11T15:18:08 CLT">
  <testcase classname="allureReports.Testss" name="logoPresence" time="0.108"/>
  <testcase classname="allureReports.Testss" name="loginTest" time="1.303">
    <failure type="java.lang.AssertionError" message="expected [nopCommerce demo store] but found [nopCommerce demo store. Login]">
      <![CDATA[java.lang.AssertionError: expected [nopCommerce demo store] but found [nopCommerce demo store. Login]
at allureReports.Testss.loginTest(Testss.java:64)
at java.base/java.util.ArrayList.forEach(ArrayList.java:1511)
... Removed 33 stack frames]]>
    </failure>
  </testcase> <!-- loginTest -->
  <testcase classname="allureReports.Testss" name="registrationTest" time="0.003">
    <skipped/>
  </testcase> <!-- registrationTest -->
  <testcase classname="allureReports.TestSec" name="logoPresence" time="0.039"/>
  <testcase classname="allureReports.TestSec" name="loginTest" time="1.348">
    <failure type="java.lang.AssertionError" message="expected [nopCommerce demo store] but found [nopCommerce demo store. Login]">
      <![CDATA[java.lang.AssertionError: expected [nopCommerce demo store] but found [nopCommerce demo store. Login]
at allureReports.TestSec.loginTest(TestSec.java:63)
at java.base/java.util.ArrayList.forEach(ArrayList.java:1511)
... Removed 33 stack frames]]>
    </failure>
  </testcase> <!-- loginTest -->
  <testcase classname="allureReports.TestSec" name="registrationTest" time="0.003">
    <skipped/>
  </testcase> <!-- registrationTest -->
</testsuite> <!-- Test -->
